Line 46: Class TabDlg.SSTab of control SSTab1 was not a loaded control class.
Line 52: The property name _ExtentX in SSTab1 is invalid.
Line 53: The property name _ExtentY in SSTab1 is invalid.
Line 54: The property name _Version in SSTab1 is invalid.
Line 55: The property name Tabs in SSTab1 is invalid.
Line 56: The property name Tab in SSTab1 is invalid.
Line 57: The property name TabsPerRow in SSTab1 is invalid.
Line 58: The property name TabHeight in SSTab1 is invalid.
Line 69: The property name TabCaption(0) in SSTab1 is invalid.
Line 70: The property name TabPicture(0) in SSTab1 is invalid.
Line 71: The property name Tab(0).ControlEnabled in SSTab1 is invalid.
Line 72: The property name Tab(0).Control(0) in SSTab1 is invalid.
Line 73: The property name Tab(0).Control(0).Enabled in SSTab1 is invalid.
Line 74: The property name Tab(0).Control(1) in SSTab1 is invalid.
Line 75: The property name Tab(0).Control(1).Enabled in SSTab1 is invalid.
Line 76: The property name Tab(0).Control(2) in SSTab1 is invalid.
Line 77: The property name Tab(0).Control(2).Enabled in SSTab1 is invalid.
Line 78: The property name Tab(0).Control(3) in SSTab1 is invalid.
Line 79: The property name Tab(0).Control(3).Enabled in SSTab1 is invalid.
Line 80: The property name Tab(0).Control(4) in SSTab1 is invalid.
Line 81: The property name Tab(0).Control(4).Enabled in SSTab1 is invalid.
Line 82: The property name Tab(0).Control(5) in SSTab1 is invalid.
Line 83: The property name Tab(0).Control(5).Enabled in SSTab1 is invalid.
Line 84: The property name Tab(0).Control(6) in SSTab1 is invalid.
Line 85: The property name Tab(0).Control(6).Enabled in SSTab1 is invalid.
Line 86: The property name Tab(0).Control(7) in SSTab1 is invalid.
Line 87: The property name Tab(0).Control(7).Enabled in SSTab1 is invalid.
Line 88: The property name Tab(0).ControlCount in SSTab1 is invalid.
Line 89: The property name TabCaption(1) in SSTab1 is invalid.
Line 90: The property name TabPicture(1) in SSTab1 is invalid.
Line 91: The property name Tab(1).ControlEnabled in SSTab1 is invalid.
Line 92: The property name Tab(1).Control(0) in SSTab1 is invalid.
Line 93: The property name Tab(1).Control(0).Enabled in SSTab1 is invalid.
Line 94: The property name Tab(1).Control(1) in SSTab1 is invalid.
Line 95: The property name Tab(1).Control(1).Enabled in SSTab1 is invalid.
Line 96: The property name Tab(1).Control(2) in SSTab1 is invalid.
Line 97: The property name Tab(1).Control(2).Enabled in SSTab1 is invalid.
Line 98: The property name Tab(1).Control(3) in SSTab1 is invalid.
Line 99: The property name Tab(1).Control(3).Enabled in SSTab1 is invalid.
Line 100: The property name Tab(1).Control(4) in SSTab1 is invalid.
Line 101: The property name Tab(1).Control(4).Enabled in SSTab1 is invalid.
Line 102: The property name Tab(1).Control(5) in SSTab1 is invalid.
Line 103: The property name Tab(1).Control(5).Enabled in SSTab1 is invalid.
Line 104: The property name Tab(1).Control(6) in SSTab1 is invalid.
Line 105: The property name Tab(1).Control(6).Enabled in SSTab1 is invalid.
Line 106: The property name Tab(1).Control(7) in SSTab1 is invalid.
Line 107: The property name Tab(1).Control(7).Enabled in SSTab1 is invalid.
Line 108: The property name Tab(1).ControlCount in SSTab1 is invalid.
Line 109: The property name TabCaption(2) in SSTab1 is invalid.
Line 110: The property name TabPicture(2) in SSTab1 is invalid.
Line 111: The property name Tab(2).ControlEnabled in SSTab1 is invalid.
Line 112: The property name Tab(2).Control(0) in SSTab1 is invalid.
Line 113: The property name Tab(2).Control(0).Enabled in SSTab1 is invalid.
Line 114: The property name Tab(2).Control(1) in SSTab1 is invalid.
Line 115: The property name Tab(2).Control(1).Enabled in SSTab1 is invalid.
Line 116: The property name Tab(2).Control(2) in SSTab1 is invalid.
Line 117: The property name Tab(2).Control(2).Enabled in SSTab1 is invalid.
Line 118: The property name Tab(2).Control(3) in SSTab1 is invalid.
Line 119: The property name Tab(2).Control(3).Enabled in SSTab1 is invalid.
Line 120: The property name Tab(2).Control(4) in SSTab1 is invalid.
Line 121: The property name Tab(2).Control(4).Enabled in SSTab1 is invalid.
Line 122: The property name Tab(2).Control(5) in SSTab1 is invalid.
Line 123: The property name Tab(2).Control(5).Enabled in SSTab1 is invalid.
Line 124: The property name Tab(2).Control(6) in SSTab1 is invalid.
Line 125: The property name Tab(2).Control(6).Enabled in SSTab1 is invalid.
Line 126: The property name Tab(2).Control(7) in SSTab1 is invalid.
Line 127: The property name Tab(2).Control(7).Enabled in SSTab1 is invalid.
Line 128: The property name Tab(2).ControlCount in SSTab1 is invalid.
Line 129: The property name TabCaption(3) in SSTab1 is invalid.
Line 130: The property name TabPicture(3) in SSTab1 is invalid.
Line 131: The property name Tab(3).ControlEnabled in SSTab1 is invalid.
Line 132: The property name Tab(3).Control(0) in SSTab1 is invalid.
Line 133: The property name Tab(3).Control(0).Enabled in SSTab1 is invalid.
Line 134: The property name Tab(3).Control(1) in SSTab1 is invalid.
Line 135: The property name Tab(3).Control(1).Enabled in SSTab1 is invalid.
Line 136: The property name Tab(3).Control(2) in SSTab1 is invalid.
Line 137: The property name Tab(3).Control(2).Enabled in SSTab1 is invalid.
Line 138: The property name Tab(3).Control(3) in SSTab1 is invalid.
Line 139: The property name Tab(3).Control(3).Enabled in SSTab1 is invalid.
Line 140: The property name Tab(3).Control(4) in SSTab1 is invalid.
Line 141: The property name Tab(3).Control(4).Enabled in SSTab1 is invalid.
Line 142: The property name Tab(3).ControlCount in SSTab1 is invalid.
